#
# There is insufficient memory for the Java Runtime Environment to continue.
# Cannot create GC thread. Out of system resources.
# Possible reasons:
#   The system is out of physical RAM or swap space
#   In 32 bit mode, the process size limit was hit
# Possible solutions:
#   Reduce memory load on the system
#   Increase physical memory or swap space
#   Check if swap backing store is full
#   Use 64 bit Java on a 64 bit OS
#   Decrease Java heap size (-Xmx/-Xms)
#   Decrease number of Java threads
#   Decrease Java thread stack sizes (-Xss)
#   Set larger code cache with -XX:ReservedCodeCacheSize=
# This output file may be truncated or incomplete.
#
#  Out of Memory Error (gcTaskThread.cpp:46), pid=27476, tid=3060751168
#
# JRE version: 7.0_25-b30
# Java VM: OpenJDK Server VM (23.7-b01 mixed mode linux-x86 )
# Failed to write core dump. Core dumps have been disabled. To enable core dumping, try "ulimit -c unlimited" before starting Java again
#

---------------  T H R E A D  ---------------

Current thread (0xb6506400):  JavaThread "Unknown thread" [_thread_in_vm, id=27477, stack(0xb66a5000,0xb66f6000)]

Stack: [0xb66a5000,0xb66f6000]

---------------  P R O C E S S  ---------------

Java Threads: ( => current thread )

Other Threads:

=>0xb6506400 (exited) JavaThread "Unknown thread" [_thread_in_vm, id=27477, stack(0xb66a5000,0xb66f6000)]

VM state:not at safepoint (not fully initialized)

VM Mutex/Monitor currently owned by a thread: None

GC Heap History (0 events):
No events

Deoptimization events (0 events):
No events

Internal exceptions (0 events):
No events

Events (0 events):
No events


Dynamic libraries:
08048000-08049000 r-xp 00000000 08:11 2884765    /usr/lib/jvm/java-7-openjdk-i386/jre/bin/java
08049000-0804a000 r--p 00000000 08:11 2884765    /usr/lib/jvm/java-7-openjdk-i386/jre/bin/java
0804a000-0804b000 rw-p 00001000 08:11 2884765    /usr/lib/jvm/java-7-openjdk-i386/jre/bin/java
099f1000-09a12000 rw-p 00000000 00:00 0          [heap]
6a67f000-6a680000 ---p 00000000 00:00 0 
6a680000-6a700000 rw-p 00000000 00:00 0 
6a700000-6a721000 rw-p 00000000 00:00 0 
6a721000-6a800000 ---p 00000000 00:00 0 
6a87f000-6a880000 ---p 00000000 00:00 0 
6a880000-6a900000 rw-p 00000000 00:00 0          [stack:27482]
6a900000-6a921000 rw-p 00000000 00:00 0 
6a921000-6aa00000 ---p 00000000 00:00 0 
6aa7f000-6aa80000 ---p 00000000 00:00 0 
6aa80000-6ab00000 rw-p 00000000 00:00 0          [stack:27481]
6ab00000-6ab21000 rw-p 00000000 00:00 0 
6ab21000-6ac00000 ---p 00000000 00:00 0 
6ac00000-6ac21000 rw-p 00000000 00:00 0 
6ac21000-6ad00000 ---p 00000000 00:00 0 
6ad7f000-6ad80000 ---p 00000000 00:00 0 
6ad80000-6ae00000 rw-p 00000000 00:00 0          [stack:27480]
6ae00000-6ae21000 rw-p 00000000 00:00 0 
6ae21000-6af00000 ---p 00000000 00:00 0 
6af67000-6af68000 ---p 00000000 00:00 0 
6af68000-6afe8000 rw-p 00000000 00:00 0          [stack:27479]
6afe8000-6afe9000 ---p 00000000 00:00 0 
6afe9000-6b071000 rw-p 00000000 00:00 0          [stack:27478]
6b071000-6b0a9000 rw-p 00000000 00:00 0 
6b0a9000-6b0bf000 rw-p 00000000 00:00 0 
6b0bf000-6b1ff000 rw-p 00000000 00:00 0 
6b1ff000-6b207000 rw-p 00000000 00:00 0 
6b207000-6b23f000 rw-p 00000000 00:00 0 
6b23f000-6b255000 rw-p 00000000 00:00 0 
6b255000-6b394000 rw-p 00000000 00:00 0 
6b394000-6b39f000 rw-p 00000000 00:00 0 
6b39f000-6b43f000 rw-p 00000000 00:00 0 
6b43f000-6c440000 rw-p 00000000 00:00 0 
6c440000-73440000 rw-p 00000000 00:00 0 
73440000-75ef0000 rw-p 00000000 00:00 0 
75ef0000-9def0000 rw-p 00000000 00:00 0 
9def0000-9f440000 rw-p 00000000 00:00 0 
9f440000-b3440000 rw-p 00000000 00:00 0 
b3440000-b3449000 rw-p 00000000 00:00 0 
b3449000-b3500000 rw-p 00000000 00:00 0 
b3500000-b3740000 rwxp 00000000 00:00 0 
b3740000-b6521000 rw-p 00000000 00:00 0 
b6521000-b6600000 ---p 00000000 00:00 0 
b6624000-b662f000 r-xp 00000000 08:11 1048778    /lib/i386-linux-gnu/libnss_files-2.17.so
b662f000-b6630000 r--p 0000a000 08:11 1048778    /lib/i386-linux-gnu/libnss_files-2.17.so
b6630000-b6631000 rw-p 0000b000 08:11 1048778    /lib/i386-linux-gnu/libnss_files-2.17.so
b6631000-b663b000 r-xp 00000000 08:11 1048784    /lib/i386-linux-gnu/libnss_nis-2.17.so
b663b000-b663c000 r--p 00009000 08:11 1048784    /lib/i386-linux-gnu/libnss_nis-2.17.so
b663c000-b663d000 rw-p 0000a000 08:11 1048784    /lib/i386-linux-gnu/libnss_nis-2.17.so
b663d000-b6652000 r-xp 00000000 08:11 1048794    /lib/i386-linux-gnu/libnsl-2.17.so
b6652000-b6653000 r--p 00014000 08:11 1048794    /lib/i386-linux-gnu/libnsl-2.17.so
b6653000-b6654000 rw-p 00015000 08:11 1048794    /lib/i386-linux-gnu/libnsl-2.17.so
b6654000-b6656000 rw-p 00000000 00:00 0 
b6656000-b665d000 r-xp 00000000 08:11 1048776    /lib/i386-linux-gnu/libnss_compat-2.17.so
b665d000-b665e000 r--p 00006000 08:11 1048776    /lib/i386-linux-gnu/libnss_compat-2.17.so
b665e000-b665f000 rw-p 00007000 08:11 1048776    /lib/i386-linux-gnu/libnss_compat-2.17.so
b6661000-b6669000 r-xp 00000000 08:11 2632749    /usr/lib/jvm/java-7-openjdk-i386/jre/lib/i386/libzip.so
b6669000-b666a000 r--p 00007000 08:11 2632749    /usr/lib/jvm/java-7-openjdk-i386/jre/lib/i386/libzip.so
b666a000-b666b000 rw-p 00008000 08:11 2632749    /usr/lib/jvm/java-7-openjdk-i386/jre/lib/i386/libzip.so
b666b000-b6673000 rw-s 00000000 08:11 1580472    /tmp/hsperfdata_rfugate/27476
b6673000-b669a000 r-xp 00000000 08:11 2634863    /usr/lib/jvm/java-7-openjdk-i386/jre/lib/i386/libjava.so
b669a000-b669b000 r--p 00026000 08:11 2634863    /usr/lib/jvm/java-7-openjdk-i386/jre/lib/i386/libjava.so
b669b000-b669c000 rw-p 00027000 08:11 2634863    /usr/lib/jvm/java-7-openjdk-i386/jre/lib/i386/libjava.so
b669c000-b66a3000 r-xp 00000000 08:11 1048774    /lib/i386-linux-gnu/librt-2.17.so
b66a3000-b66a4000 r--p 00006000 08:11 1048774    /lib/i386-linux-gnu/librt-2.17.so
b66a4000-b66a5000 rw-p 00007000 08:11 1048774    /lib/i386-linux-gnu/librt-2.17.so
b66a5000-b66a8000 ---p 00000000 00:00 0 
b66a8000-b66f6000 rw-p 00000000 00:00 0          [stack:27477]
b66f6000-b6711000 r-xp 00000000 08:11 1048920    /lib/i386-linux-gnu/libgcc_s.so.1
b6711000-b6712000 r--p 0001a000 08:11 1048920    /lib/i386-linux-gnu/libgcc_s.so.1
b6712000-b6713000 rw-p 0001b000 08:11 1048920    /lib/i386-linux-gnu/libgcc_s.so.1
b6713000-b6754000 r-xp 00000000 08:11 1048777    /lib/i386-linux-gnu/libm-2.17.so
b6754000-b6755000 r--p 00040000 08:11 1048777    /lib/i386-linux-gnu/libm-2.17.so
b6755000-b6756000 rw-p 00041000 08:11 1048777    /lib/i386-linux-gnu/libm-2.17.so
b6756000-b6832000 r-xp 00000000 08:11 2490390    /usr/lib/i386-linux-gnu/libstdc++.so.6.0.17
b6832000-b6833000 ---p 000dc000 08:11 2490390    /usr/lib/i386-linux-gnu/libstdc++.so.6.0.17
b6833000-b6837000 r--p 000dc000 08:11 2490390    /usr/lib/i386-linux-gnu/libstdc++.so.6.0.17
b6837000-b6838000 rw-p 000e0000 08:11 2490390    /usr/lib/i386-linux-gnu/libstdc++.so.6.0.17
b6838000-b683f000 rw-p 00000000 00:00 0 
b683f000-b7130000 r-xp 00000000 08:11 2632751    /usr/lib/jvm/java-7-openjdk-i386/jre/lib/i386/server/libjvm.so
b7130000-b7177000 r--p 008f1000 08:11 2632751    /usr/lib/jvm/java-7-openjdk-i386/jre/lib/i386/server/libjvm.so
b7177000-b718b000 rw-p 00938000 08:11 2632751    /usr/lib/jvm/java-7-openjdk-i386/jre/lib/i386/server/libjvm.so
b718b000-b75a9000 rw-p 00000000 00:00 0 
b75a9000-b75c0000 r-xp 00000000 08:11 1048834    /lib/i386-linux-gnu/libz.so.1.2.7
b75c0000-b75c1000 r--p 00016000 08:11 1048834    /lib/i386-linux-gnu/libz.so.1.2.7
b75c1000-b75c2000 rw-p 00017000 08:11 1048834    /lib/i386-linux-gnu/libz.so.1.2.7
b75c2000-b75d9000 r-xp 00000000 08:11 1048783    /lib/i386-linux-gnu/libpthread-2.17.so
b75d9000-b75da000 r--p 00016000 08:11 1048783    /lib/i386-linux-gnu/libpthread-2.17.so
b75da000-b75db000 rw-p 00017000 08:11 1048783    /lib/i386-linux-gnu/libpthread-2.17.so
b75db000-b75dd000 rw-p 00000000 00:00 0 
b75dd000-b75e0000 r-xp 00000000 08:11 1048788    /lib/i386-linux-gnu/libdl-2.17.so
b75e0000-b75e1000 r--p 00002000 08:11 1048788    /lib/i386-linux-gnu/libdl-2.17.so
b75e1000-b75e2000 rw-p 00003000 08:11 1048788    /lib/i386-linux-gnu/libdl-2.17.so
b75e2000-b778f000 r-xp 00000000 08:11 1048779    /lib/i386-linux-gnu/libc-2.17.so
b778f000-b7791000 r--p 001ad000 08:11 1048779    /lib/i386-linux-gnu/libc-2.17.so
b7791000-b7792000 rw-p 001af000 08:11 1048779    /lib/i386-linux-gnu/libc-2.17.so
b7792000-b7796000 rw-p 00000000 00:00 0 
b7799000-b779a000 rw-p 00000000 00:00 0 
b779a000-b779b000 r--p 00000000 00:00 0 
b779b000-b77a8000 r-xp 00000000 08:11 2634849    /usr/lib/jvm/java-7-openjdk-i386/jre/lib/i386/libverify.so
b77a8000-b77a9000 r--p 0000d000 08:11 2634849    /usr/lib/jvm/java-7-openjdk-i386/jre/lib/i386/libverify.so
b77a9000-b77aa000 rw-p 0000e000 08:11 2634849    /usr/lib/jvm/java-7-openjdk-i386/jre/lib/i386/libverify.so
b77aa000-b77b7000 r-xp 00000000 08:11 2634857    /usr/lib/jvm/java-7-openjdk-i386/jre/lib/i386/jli/libjli.so
b77b7000-b77b8000 r--p 0000c000 08:11 2634857    /usr/lib/jvm/java-7-openjdk-i386/jre/lib/i386/jli/libjli.so
b77b8000-b77b9000 rw-p 0000d000 08:11 2634857    /usr/lib/jvm/java-7-openjdk-i386/jre/lib/i386/jli/libjli.so
b77b9000-b77bb000 rw-p 00000000 00:00 0 
b77bb000-b77bc000 r-xp 00000000 00:00 0          [vdso]
b77bc000-b77dc000 r-xp 00000000 08:11 1048793    /lib/i386-linux-gnu/ld-2.17.so
b77dc000-b77dd000 r--p 0001f000 08:11 1048793    /lib/i386-linux-gnu/ld-2.17.so
b77dd000-b77de000 rw-p 00020000 08:11 1048793    /lib/i386-linux-gnu/ld-2.17.so
bfb99000-bfbba000 rw-p 00000000 00:00 0          [stack]

VM Arguments:
jvm_args: -Djava.security.policy=Policy.txt 
java_command: Client
Launcher Type: SUN_STANDARD

Environment Variables:
PATH=/usr/local/sbin:/usr/local/bin:/usr/sbin:/usr/bin:/sbin:/bin:/usr/games:/usr/local/games
SHELL=/bin/bash

Signal Handlers:
SIGSEGV: [libjvm.so+0x758d30], sa_mask[0]=0x7ffbfeff, sa_flags=0x10000004
SIGBUS: [libjvm.so+0x758d30], sa_mask[0]=0x7ffbfeff, sa_flags=0x10000004
SIGFPE: [libjvm.so+0x5f4230], sa_mask[0]=0x7ffbfeff, sa_flags=0x10000004
SIGPIPE: [libjvm.so+0x5f4230], sa_mask[0]=0x7ffbfeff, sa_flags=0x10000004
SIGXFSZ: [libjvm.so+0x5f4230], sa_mask[0]=0x7ffbfeff, sa_flags=0x10000004
SIGILL: [libjvm.so+0x5f4230], sa_mask[0]=0x7ffbfeff, sa_flags=0x10000004
SIGUSR1: SIG_DFL, sa_mask[0]=0x00000000, sa_flags=0x00000000
SIGUSR2: [libjvm.so+0x5f40e0], sa_mask[0]=0x00000000, sa_flags=0x10000004
SIGHUP: SIG_DFL, sa_mask[0]=0x00000000, sa_flags=0x00000000
SIGINT: SIG_DFL, sa_mask[0]=0x00000000, sa_flags=0x00000000
SIGTERM: SIG_DFL, sa_mask[0]=0x00000000, sa_flags=0x00000000
SIGQUIT: SIG_DFL, sa_mask[0]=0x00000000, sa_flags=0x00000000


---------------  S Y S T E M  ---------------

OS:Ubuntu 13.04 (raring)
uname:Linux 3.8.0-29-generic #42-Ubuntu SMP Tue Aug 13 23:12:18 UTC 2013 i686
libc:glibc 2.17 NPTL 2.17 
rlimit: STACK 8192k, CORE 0k, NPROC 1000, NOFILE 4096, AS infinity
load average:0.06 0.05 0.10

/proc/meminfo:
MemTotal:        8224056 kB
MemFree:          524720 kB
Buffers:          247912 kB
Cached:          1314976 kB
SwapCached:            0 kB
Active:          5805036 kB
Inactive:        1563248 kB
Active(anon):    5169036 kB
Inactive(anon):   743768 kB
Active(file):     636000 kB
Inactive(file):   819480 kB
Unevictable:           0 kB
Mlocked:               0 kB
HighTotal:       7425072 kB
HighFree:         216620 kB
LowTotal:         798984 kB
LowFree:          308100 kB
SwapTotal:       2996084 kB
SwapFree:        2996080 kB
Dirty:               272 kB
Writeback:             0 kB
AnonPages:       5805448 kB
Mapped:           287904 kB
Shmem:            107368 kB
Slab:             164800 kB
SReclaimable:      91352 kB
SUnreclaim:        73448 kB
KernelStack:       22816 kB
PageTables:        63120 kB
NFS_Unstable:          0 kB
Bounce:                0 kB
WritebackTmp:          0 kB
CommitLimit:     7108112 kB
Committed_AS:   28514500 kB
VmallocTotal:     122880 kB
VmallocUsed:       63300 kB
VmallocChunk:      54664 kB
HardwareCorrupted:     0 kB
AnonHugePages:         0 kB
HugePages_Total:       0
HugePages_Free:        0
HugePages_Rsvd:        0
HugePages_Surp:        0
Hugepagesize:       2048 kB
DirectMap4k:      223224 kB
DirectMap2M:      690176 kB


CPU:total 8 (4 cores per cpu, 2 threads per core) family 6 model 45 stepping 7, cmov, cx8, fxsr, mmx, sse, sse2, sse3, ssse3, sse4.1, sse4.2, popcnt, avx, ht, tsc, tscinvbit, tscinv

/proc/cpuinfo:
processor	: 0
vendor_id	: GenuineIntel
cpu family	: 6
model		: 45
model name	: Intel(R) Xeon(R) CPU E5-1620 0 @ 3.60GHz
stepping	: 7
microcode	: 0x70b
cpu MHz		: 1200.000
cache size	: 10240 KB
physical id	: 0
siblings	: 8
core id		: 0
cpu cores	: 4
apicid		: 0
initial apicid	: 0
fdiv_bug	: no
hlt_bug		: no
f00f_bug	: no
coma_bug	: no
fpu		: yes
fpu_exception	: yes
cpuid level	: 13
wp		: yes
flags		: fpu vme de pse tsc msr pae mce cx8 apic sep mtrr pge mca cmov pat pse36 clflush dts acpi mmx fxsr sse sse2 ss ht tm pbe nx pdpe1gb rdtscp lm constant_tsc arch_perfmon pebs bts xtopology nonstop_tsc aperfmperf eagerfpu pni pclmulqdq dtes64 monitor ds_cpl vmx smx est tm2 ssse3 cx16 xtpr pdcm pcid dca sse4_1 sse4_2 x2apic popcnt tsc_deadline_timer aes xsave avx lahf_lm ida arat epb xsaveopt pln pts dtherm tpr_shadow vnmi flexpriority ept vpid
bogomips	: 7182.55
clflush size	: 64
cache_alignment	: 64
address sizes	: 46 bits physical, 48 bits virtual
power management:

processor	: 1
vendor_id	: GenuineIntel
cpu family	: 6
model		: 45
model name	: Intel(R) Xeon(R) CPU E5-1620 0 @ 3.60GHz
stepping	: 7
microcode	: 0x70b
cpu MHz		: 1200.000
cache size	: 10240 KB
physical id	: 0
siblings	: 8
core id		: 1
cpu cores	: 4
apicid		: 2
initial apicid	: 2
fdiv_bug	: no
hlt_bug		: no
f00f_bug	: no
coma_bug	: no
fpu		: yes
fpu_exception	: yes
cpuid level	: 13
wp		: yes
flags		: fpu vme de pse tsc msr pae mce cx8 apic sep mtrr pge mca cmov pat pse36 clflush dts acpi mmx fxsr sse sse2 ss ht tm pbe nx pdpe1gb rdtscp lm constant_tsc arch_perfmon pebs bts xtopology nonstop_tsc aperfmperf eagerfpu pni pclmulqdq dtes64 monitor ds_cpl vmx smx est tm2 ssse3 cx16 xtpr pdcm pcid dca sse4_1 sse4_2 x2apic popcnt tsc_deadline_timer aes xsave avx lahf_lm ida arat epb xsaveopt pln pts dtherm tpr_shadow vnmi flexpriority ept vpid
bogomips	: 7182.55
clflush size	: 64
cache_alignment	: 64
address sizes	: 46 bits physical, 48 bits virtual
power management:

processor	: 2
vendor_id	: GenuineIntel
cpu family	: 6
model		: 45
model name	: Intel(R) Xeon(R) CPU E5-1620 0 @ 3.60GHz
stepping	: 7
microcode	: 0x70b
cpu MHz		: 1200.000
cache size	: 10240 KB
physical id	: 0
siblings	: 8
core id		: 2
cpu cores	: 4
apicid		: 4
initial apicid	: 4
fdiv_bug	: no
hlt_bug		: no
f00f_bug	: no
coma_bug	: no
fpu		: yes
fpu_exception	: yes
cpuid level	: 13
wp		: yes
flags		: fpu vme de pse tsc msr pae mce cx8 apic sep mtrr pge mca cmov pat pse36 clflush dts acpi mmx fxsr sse sse2 ss ht tm pbe nx pdpe1gb rdtscp lm constant_tsc arch_perfmon pebs bts xtopology nonstop_tsc aperfmperf eagerfpu pni pclmulqdq dtes64 monitor ds_cpl vmx smx est tm2 ssse3 cx16 xtpr pdcm pcid dca sse4_1 sse4_2 x2apic popcnt tsc_deadline_timer aes xsave avx lahf_lm ida arat epb xsaveopt pln pts dtherm tpr_shadow vnmi flexpriority ept vpid
bogomips	: 7182.55
clflush size	: 64
cache_alignment	: 64
address sizes	: 46 bits physical, 48 bits virtual
power management:

processor	: 3
vendor_id	: GenuineIntel
cpu family	: 6
model		: 45
model name	: Intel(R) Xeon(R) CPU E5-1620 0 @ 3.60GHz
stepping	: 7
microcode	: 0x70b
cpu MHz		: 1200.000
cache size	: 10240 KB
physical id	: 0
siblings	: 8
core id		: 3
cpu cores	: 4
apicid		: 6
initial apicid	: 6
fdiv_bug	: no
hlt_bug		: no
f00f_bug	: no
coma_bug	: no
fpu		: yes
fpu_exception	: yes
cpuid level	: 13
wp		: yes
flags		: fpu vme de pse tsc msr pae mce cx8 apic sep mtrr pge mca cmov pat pse36 clflush dts acpi mmx fxsr sse sse2 ss ht tm pbe nx pdpe1gb rdtscp lm constant_tsc arch_perfmon pebs bts xtopology nonstop_tsc aperfmperf eagerfpu pni pclmulqdq dtes64 monitor ds_cpl vmx smx est tm2 ssse3 cx16 xtpr pdcm pcid dca sse4_1 sse4_2 x2apic popcnt tsc_deadline_timer aes xsave avx lahf_lm ida arat epb xsaveopt pln pts dtherm tpr_shadow vnmi flexpriority ept vpid
bogomips	: 7182.55
clflush size	: 64
cache_alignment	: 64
address sizes	: 46 bits physical, 48 bits virtual
power management:

processor	: 4
vendor_id	: GenuineIntel
cpu family	: 6
model		: 45
model name	: Intel(R) Xeon(R) CPU E5-1620 0 @ 3.60GHz
stepping	: 7
microcode	: 0x70b
cpu MHz		: 1200.000
cache size	: 10240 KB
physical id	: 0
siblings	: 8
core id		: 0
cpu cores	: 4
apicid		: 1
initial apicid	: 1
fdiv_bug	: no
hlt_bug		: no
f00f_bug	: no
coma_bug	: no
fpu		: yes
fpu_exception	: yes
cpuid level	: 13
wp		: yes
flags		: fpu vme de pse tsc msr pae mce cx8 apic sep mtrr pge mca cmov pat pse36 clflush dts acpi mmx fxsr sse sse2 ss ht tm pbe nx pdpe1gb rdtscp lm constant_tsc arch_perfmon pebs bts xtopology nonstop_tsc aperfmperf eagerfpu pni pclmulqdq dtes64 monitor ds_cpl vmx smx est tm2 ssse3 cx16 xtpr pdcm pcid dca sse4_1 sse4_2 x2apic popcnt tsc_deadline_timer aes xsave avx lahf_lm ida arat epb xsaveopt pln pts dtherm tpr_shadow vnmi flexpriority ept vpid
bogomips	: 7182.55
clflush size	: 64
cache_alignment	: 64
address sizes	: 46 bits physical, 48 bits virtual
power management:

processor	: 5
vendor_id	: GenuineIntel
cpu family	: 6
model		: 45
model name	: Intel(R) Xeon(R) CPU E5-1620 0 @ 3.60GHz
stepping	: 7
microcode	: 0x70b
cpu MHz		: 1200.000
cache size	: 10240 KB
physical id	: 0
siblings	: 8
core id		: 1
cpu cores	: 4
apicid		: 3
initial apicid	: 3
fdiv_bug	: no
hlt_bug		: no
f00f_bug	: no
coma_bug	: no
fpu		: yes
fpu_exception	: yes
cpuid level	: 13
wp		: yes
flags		: fpu vme de pse tsc msr pae mce cx8 apic sep mtrr pge mca cmov pat pse36 clflush dts acpi mmx fxsr sse sse2 ss ht tm pbe nx pdpe1gb rdtscp lm constant_tsc arch_perfmon pebs bts xtopology nonstop_tsc aperfmperf eagerfpu pni pclmulqdq dtes64 monitor ds_cpl vmx smx est tm2 ssse3 cx16 xtpr pdcm pcid dca sse4_1 sse4_2 x2apic popcnt tsc_deadline_timer aes xsave avx lahf_lm ida arat epb xsaveopt pln pts dtherm tpr_shadow vnmi flexpriority ept vpid
bogomips	: 7182.55
clflush size	: 64
cache_alignment	: 64
address sizes	: 46 bits physical, 48 bits virtual
power management:

processor	: 6
vendor_id	: GenuineIntel
cpu family	: 6
model		: 45
model name	: Intel(R) Xeon(R) CPU E5-1620 0 @ 3.60GHz
stepping	: 7
microcode	: 0x70b
cpu MHz		: 1200.000
cache size	: 10240 KB
physical id	: 0
siblings	: 8
core id		: 2
cpu cores	: 4
apicid		: 5
initial apicid	: 5
fdiv_bug	: no
hlt_bug		: no
f00f_bug	: no
coma_bug	: no
fpu		: yes
fpu_exception	: yes
cpuid level	: 13
wp		: yes
flags		: fpu vme de pse tsc msr pae mce cx8 apic sep mtrr pge mca cmov pat pse36 clflush dts acpi mmx fxsr sse sse2 ss ht tm pbe nx pdpe1gb rdtscp lm constant_tsc arch_perfmon pebs bts xtopology nonstop_tsc aperfmperf eagerfpu pni pclmulqdq dtes64 monitor ds_cpl vmx smx est tm2 ssse3 cx16 xtpr pdcm pcid dca sse4_1 sse4_2 x2apic popcnt tsc_deadline_timer aes xsave avx lahf_lm ida arat epb xsaveopt pln pts dtherm tpr_shadow vnmi flexpriority ept vpid
bogomips	: 7182.55
clflush size	: 64
cache_alignment	: 64
address sizes	: 46 bits physical, 48 bits virtual
power management:

processor	: 7
vendor_id	: GenuineIntel
cpu family	: 6
model		: 45
model name	: Intel(R) Xeon(R) CPU E5-1620 0 @ 3.60GHz
stepping	: 7
microcode	: 0x70b
cpu MHz		: 1200.000
cache size	: 10240 KB
physical id	: 0
siblings	: 8
core id		: 3
cpu cores	: 4
apicid		: 7
initial apicid	: 7
fdiv_bug	: no
hlt_bug		: no
f00f_bug	: no
coma_bug	: no
fpu		: yes
fpu_exception	: yes
cpuid level	: 13
wp		: yes
flags		: fpu vme de pse tsc msr pae mce cx8 apic sep mtrr pge mca cmov pat pse36 clflush dts acpi mmx fxsr sse sse2 ss ht tm pbe nx pdpe1gb rdtscp lm constant_tsc arch_perfmon pebs bts xtopology nonstop_tsc aperfmperf eagerfpu pni pclmulqdq dtes64 monitor ds_cpl vmx smx est tm2 ssse3 cx16 xtpr pdcm pcid dca sse4_1 sse4_2 x2apic popcnt tsc_deadline_timer aes xsave avx lahf_lm ida arat epb xsaveopt pln pts dtherm tpr_shadow vnmi flexpriority ept vpid
bogomips	: 7182.55
clflush size	: 64
cache_alignment	: 64
address sizes	: 46 bits physical, 48 bits virtual
power management:



Memory: 4k page, physical 8224056k(524720k free), swap 2996084k(2996080k free)

vm_info: OpenJDK Server VM (23.7-b01) for linux-x86 JRE (1.7.0_25-b30), built on Jul  3 2013 13:58:32 by "buildd" with gcc 4.7.3

time: Fri Oct 18 11:03:50 2013
elapsed time: 0 seconds

